[36m==========================================[0m
[36mTesting exchange: bitmex[0m
Config: Duration=60m, Offset=1h
[36m==========================================[0m
Fetching instruments...
[32mSuccess. Found 113 instruments.[0m
Selected Instrument: XBT/USD (ID: XBTUSD)
Fetching historical candles (1m)...
Range: 1765304268985 to 1765307868985 (60 mins)
[32mSuccess! [0m
Received 500 candles.
Candle(ts=1765281480000, O=90319.10000000, H=90326.30000000, L=90325.10000000, C=90326.30000000, V=12500.00000000)
Candle(ts=1765281540000, O=90326.30000000, H=90376.70000000, L=90334.10000000, C=90337.70000000, V=39200.00000000)
Candle(ts=1765281600000, O=90337.70000000, H=90371.20000000, L=90348.70000000, C=90371.20000000, V=7300.00000000)
Candle(ts=1765281660000, O=90371.20000000, H=90365.40000000, L=90320.10000000, C=90338.00000000, V=104800.00000000)
Candle(ts=1765281720000, O=90338.00000000, H=90421.80000000, L=90355.60000000, C=90386.90000000, V=191100.00000000)
...
Candle(ts=1765311180000, O=93756.70000000, H=93820.00000000, L=93750.10000000, C=93750.10000000, V=290800.00000000)
Candle(ts=1765311240000, O=93750.10000000, H=93740.00000000, L=93663.60000000, C=93668.10000000, V=284100.00000000)
Candle(ts=1765311300000, O=93668.10000000, H=93662.10000000, L=93633.00000000, C=93658.90000000, V=536900.00000000)
Candle(ts=1765311360000, O=93658.90000000, H=93672.90000000, L=93622.20000000, C=93660.80000000, V=153700.00000000)
Candle(ts=1765311420000, O=93660.80000000, H=93651.50000000, L=93477.50000000, C=93478.80000000, V=410100.00000000)
[33m[WARN] Count Mismatch: Received 500, Expected ~60[0m
[31m[FAIL] Start Range Exceeded: First candle 1765281480000 < From 1765304268985[0m
[31m[FAIL] End Range Exceeded: Last candle 1765311420000 > To 1765307868985[0m
