[36m==========================================[0m
[36mTesting exchange: bitstamp[0m
Config: Duration=60m, Offset=1h
[36m==========================================[0m
Fetching instruments...
[32mSuccess. Found 260 instruments.[0m
Selected Instrument: BTC/USD (ID: btcusd)
Fetching historical candles (1m)...
Range: 1765304271142 to 1765307871142 (60 mins)
[32mSuccess! [0m
Received 1000 candles.
Candle(ts=1765251480000, O=90290.00000000, H=90402.00000000, L=90290.00000000, C=90397.00000000, V=5.75894091)
Candle(ts=1765251540000, O=90387.00000000, H=90387.00000000, L=90369.00000000, C=90369.00000000, V=1.80007970)
Candle(ts=1765251600000, O=90368.00000000, H=90413.00000000, L=90350.00000000, C=90413.00000000, V=0.45922406)
Candle(ts=1765251660000, O=90417.00000000, H=90417.00000000, L=90366.00000000, C=90366.00000000, V=1.90212480)
Candle(ts=1765251720000, O=90366.00000000, H=90385.00000000, L=90364.00000000, C=90384.00000000, V=0.27471338)
...
Candle(ts=1765311180000, O=93795.00000000, H=93805.00000000, L=93724.00000000, C=93724.00000000, V=0.27602707)
Candle(ts=1765311240000, O=93708.00000000, H=93708.00000000, L=93681.00000000, C=93698.00000000, V=0.19681149)
Candle(ts=1765311300000, O=93698.00000000, H=93716.00000000, L=93666.00000000, C=93716.00000000, V=7.28709529)
Candle(ts=1765311360000, O=93715.00000000, H=93715.00000000, L=93524.00000000, C=93530.00000000, V=2.55008281)
Candle(ts=1765311420000, O=93525.00000000, H=93525.00000000, L=93428.00000000, C=93450.00000000, V=7.28312895)
[33m[WARN] Count Mismatch: Received 1000, Expected ~60[0m
[31m[FAIL] Start Range Exceeded: First candle 1765251480000 < From 1765304271142[0m
[31m[FAIL] End Range Exceeded: Last candle 1765311420000 > To 1765307871142[0m
