[36m==========================================[0m
[36mTesting exchange: huobi[0m
Config: Duration=60m, Offset=1h
[36m==========================================[0m
Fetching instruments...
[32mSuccess. Found 2035 instruments.[0m
Selected Instrument: btc/usdt (ID: btcusdt)
Fetching historical candles (1m)...
Range: 1765304270571 to 1765307870571 (60 mins)
[32mSuccess! [0m
Received 2000 candles.
Candle(ts=1765191480000, O=92126.43000000, H=92143.17000000, L=92125.19000000, C=92143.17000000, V=5415.62172063)
Candle(ts=1765191540000, O=92143.17000000, H=92176.16000000, L=92136.76000000, C=92143.16000000, V=266874.50954998)
Candle(ts=1765191600000, O=92132.74000000, H=92164.60000000, L=92132.74000000, C=92154.38000000, V=125254.32328049)
Candle(ts=1765191660000, O=92154.37000000, H=92154.37000000, L=92082.00000000, C=92092.66000000, V=536214.52818458)
Candle(ts=1765191720000, O=92074.57000000, H=92087.24000000, L=92070.46000000, C=92070.46000000, V=3118.68710682)
...
Candle(ts=1765311180000, O=93758.77000000, H=93801.80000000, L=93701.95000000, C=93701.95000000, V=954362.68810155)
Candle(ts=1765311240000, O=93703.92000000, H=93703.92000000, L=93677.80000000, C=93693.54000000, V=5902.53344110)
Candle(ts=1765311300000, O=93710.35000000, H=93710.35000000, L=93663.14000000, C=93706.19000000, V=28172.53669279)
Candle(ts=1765311360000, O=93684.50000000, H=93684.50000000, L=93518.03000000, C=93518.04000000, V=27068.26558317)
Candle(ts=1765311420000, O=93517.85000000, H=93517.85000000, L=93419.31000000, C=93439.09000000, V=574759.96323389)
[33m[WARN] Count Mismatch: Received 2000, Expected ~60[0m
[31m[FAIL] Start Range Exceeded: First candle 1765191480000 < From 1765304270571[0m
[31m[FAIL] End Range Exceeded: Last candle 1765311420000 > To 1765307870571[0m
