[36m==========================================[0m
[36mTesting exchange: huobi-usdt-swap[0m
Config: Duration=60m, Offset=1h
[36m==========================================[0m
Fetching instruments...
[32mSuccess. Found 225 instruments.[0m
[33mSpecific pair 'BTC-USDT' not found in instrument list. Trying fuzzy match...
[DEBUG] Available instruments (first 5): BTC ETH LTC DOGE SHIB
Selected Instrument: BTC (ID: BTC)
Fetching historical candles (1m)...
Range: 1765306712524 to 1765310312524 (60 mins)
[32mSuccess! [0m
Received 60 candles.
Candle(ts=1765306740000, O=93865.70000000, H=93881.00000000, L=93864.40000000, C=93880.90000000, V=554.00000000)
Candle(ts=1765306800000, O=93893.80000000, H=93930.90000000, L=93844.80000000, C=93844.80000000, V=1560.00000000)
Candle(ts=1765306860000, O=93844.80000000, H=93844.80000000, L=93812.30000000, C=93829.90000000, V=1676.00000000)
Candle(ts=1765306920000, O=93830.10000000, H=93861.30000000, L=93725.70000000, C=93754.60000000, V=11148.00000000)
Candle(ts=1765306980000, O=93754.60000000, H=93754.60000000, L=93700.00000000, C=93730.00000000, V=758.00000000)
...
Candle(ts=1765310040000, O=93857.20000000, H=93897.00000000, L=93857.20000000, C=93864.40000000, V=514.00000000)
Candle(ts=1765310100000, O=93864.40000000, H=93864.40000000, L=93816.50000000, C=93827.80000000, V=884.00000000)
Candle(ts=1765310160000, O=93828.80000000, H=93831.20000000, L=93753.00000000, C=93760.40000000, V=10036.00000000)
Candle(ts=1765310220000, O=93768.20000000, H=93774.50000000, L=93751.80000000, C=93773.60000000, V=5138.00000000)
Candle(ts=1765310280000, O=93773.50000000, H=93773.50000000, L=93756.20000000, C=93766.30000000, V=92.00000000)
[32mValidation Passed: Perfect Sequence.[0m
