[36m==========================================[0m
[36mTesting exchange: bitmex[0m
Config: Duration=60m, Offset=1h
[36m==========================================[0m
Fetching instruments...
[32mSuccess. Found 113 instruments.[0m
Selected Instrument: XBT/USD (ID: XBTUSD)
Fetching historical candles (1m)...
Range: 1765306714778 to 1765310314778 (60 mins)
[32mSuccess! [0m
Received 60 candles.
Candle(ts=1765306740000, O=93930.70000000, H=93920.60000000, L=93838.80000000, C=93838.80000000, V=265400.00000000)
Candle(ts=1765306800000, O=93838.80000000, H=93879.10000000, L=93857.50000000, C=93858.10000000, V=264600.00000000)
Candle(ts=1765306860000, O=93858.10000000, H=93930.00000000, L=93833.70000000, C=93833.70000000, V=110600.00000000)
Candle(ts=1765306920000, O=93833.70000000, H=93833.20000000, L=93782.30000000, C=93817.40000000, V=44500.00000000)
Candle(ts=1765306980000, O=93817.40000000, H=93857.90000000, L=93702.60000000, C=93756.50000000, V=37500.00000000)
...
Candle(ts=1765310040000, O=93820.10000000, H=93873.10000000, L=93825.50000000, C=93873.10000000, V=59900.00000000)
Candle(ts=1765310100000, O=93873.10000000, H=93920.70000000, L=93880.00000000, C=93881.40000000, V=41800.00000000)
Candle(ts=1765310160000, O=93881.40000000, H=93880.00000000, L=93825.30000000, C=93825.30000000, V=91000.00000000)
Candle(ts=1765310220000, O=93825.30000000, H=93859.90000000, L=93760.20000000, C=93780.00000000, V=337800.00000000)
Candle(ts=1765310280000, O=93780.00000000, H=93805.40000000, L=93772.10000000, C=93786.30000000, V=103600.00000000)
[32mValidation Passed: Perfect Sequence.[0m
