[36m==========================================[0m
[36mTesting exchange: bitstamp[0m
Config: Duration=60m, Offset=1h
[36m==========================================[0m
Fetching instruments...
[32mSuccess. Found 260 instruments.[0m
Selected Instrument: BTC/USD (ID: btcusd)
Fetching historical candles (1m)...
Range: 1765306713603 to 1765310313603 (60 mins)
[32mSuccess! [0m
Received 60 candles.
Candle(ts=1765306740000, O=93916.00000000, H=93943.00000000, L=93916.00000000, C=93943.00000000, V=0.07381146)
Candle(ts=1765306800000, O=93959.00000000, H=93991.00000000, L=93893.00000000, C=93893.00000000, V=1.24927684)
Candle(ts=1765306860000, O=93893.00000000, H=93893.00000000, L=93856.00000000, C=93880.00000000, V=0.51335437)
Candle(ts=1765306920000, O=93880.00000000, H=93906.00000000, L=93775.00000000, C=93798.00000000, V=0.41344520)
Candle(ts=1765306980000, O=93805.00000000, H=93805.00000000, L=93742.00000000, C=93779.00000000, V=0.39371221)
...
Candle(ts=1765310040000, O=93923.00000000, H=93961.00000000, L=93923.00000000, C=93926.00000000, V=0.98078168)
Candle(ts=1765310100000, O=93915.00000000, H=93915.00000000, L=93883.00000000, C=93885.00000000, V=0.70902866)
Candle(ts=1765310160000, O=93885.00000000, H=93892.00000000, L=93812.00000000, C=93819.00000000, V=1.72617076)
Candle(ts=1765310220000, O=93837.00000000, H=93837.00000000, L=93810.00000000, C=93828.00000000, V=0.09721827)
Candle(ts=1765310280000, O=93829.00000000, H=93829.00000000, L=93812.00000000, C=93829.00000000, V=0.38803938)
[32mValidation Passed: Perfect Sequence.[0m
