[36m==========================================[0m
[36mTesting exchange: whitebit[0m
Config: Duration=60m, Offset=1h
[36m==========================================[0m
Fetching instruments...
[32mSuccess. Found 1024 instruments.[0m
Selected Instrument: BTC_USDT (ID: BTC_USDT)
Fetching historical candles (1m)...
Range: 1765306712075 to 1765310312075 (60 mins)
[32mSuccess! [0m
Received 59 candles.
Candle(ts=1765306740000, O=93894.40000000, H=93940.56000000, L=93894.40000000, C=93920.49000000, V=0.39883800)
Candle(ts=1765306800000, O=93949.02000000, H=93980.04000000, L=93893.10000000, C=93893.10000000, V=1.03909500)
Candle(ts=1765306860000, O=93866.46000000, H=93870.09000000, L=93844.74000000, C=93870.09000000, V=0.11612200)
Candle(ts=1765306920000, O=93895.46000000, H=93901.09000000, L=93701.20000000, C=93816.99000000, V=5.56935300)
Candle(ts=1765306980000, O=93792.01000000, H=93792.01000000, L=93732.43000000, C=93764.49000000, V=0.91156500)
...
Candle(ts=1765309980000, O=93853.02000000, H=93920.83000000, L=93841.80000000, C=93920.83000000, V=1.76448200)
Candle(ts=1765310040000, O=93920.42000000, H=93968.76000000, L=93918.77000000, C=93926.03000000, V=1.32756800)
Candle(ts=1765310100000, O=93907.00000000, H=93912.37000000, L=93867.27000000, C=93881.37000000, V=1.45161100)
Candle(ts=1765310160000, O=93894.96000000, H=93894.96000000, L=93795.19000000, C=93803.20000000, V=0.81418300)
Candle(ts=1765310220000, O=93822.22000000, H=93830.67000000, L=93809.10000000, C=93830.67000000, V=0.36296900)
[32mValidation Passed: Perfect Sequence.[0m
