[36m==========================================[0m
[36mTesting exchange: bitfinex[0m
Config: Duration=60m, Offset=1h
[36m==========================================[0m
Fetching instruments...
[32mSuccess. Found 250 instruments.[0m
Selected Instrument: BTC/USD (ID: tBTCUSD)
Fetching historical candles (1m)...
Range: 1765305046369 to 1765308646369 (60 mins)
[32mSuccess! [0m
Received 58 candles.
Candle(ts=1765305060000, O=94140.00000000, H=94140.00000000, L=94120.00000000, C=94120.00000000, V=0.26281884)
Candle(ts=1765305120000, O=94117.00000000, H=94117.00000000, L=94055.00000000, C=94055.00000000, V=0.19668042)
Candle(ts=1765305180000, O=94061.00000000, H=94061.00000000, L=94001.00000000, C=94022.00000000, V=0.18534204)
Candle(ts=1765305240000, O=94000.00000000, H=94000.00000000, L=94000.00000000, C=94000.00000000, V=0.03355700)
Candle(ts=1765305300000, O=94000.00000000, H=94000.00000000, L=93932.00000000, C=93938.00000000, V=0.61508034)
...
Candle(ts=1765308300000, O=93961.00000000, H=93961.00000000, L=93961.00000000, C=93961.00000000, V=0.00100000)
Candle(ts=1765308360000, O=93961.00000000, H=93961.00000000, L=93960.00000000, C=93960.00000000, V=0.00108129)
Candle(ts=1765308420000, O=93938.00000000, H=93938.00000000, L=93901.00000000, C=93901.00000000, V=0.00167882)
Candle(ts=1765308480000, O=93967.00000000, H=93981.00000000, L=93967.00000000, C=93981.00000000, V=0.02401483)
Candle(ts=1765308600000, O=94030.00000000, H=94040.00000000, L=94030.00000000, C=94040.00000000, V=0.01026838)
[33m[WARN] Gap detected at 1765307520000: 120000ms (Expected 60000ms)[0m
[33m[WARN] Gap detected at 1765308600000: 120000ms (Expected 60000ms)[0m
[33m[WARN] Total gaps detected: 2[0m
