[36m==========================================[0m
[36mTesting exchange: gateio-perpetual-futures[0m
Config: Duration=60m, Offset=1h
[36m==========================================[0m
Fetching instruments...
[32mSuccess. Found 589 instruments.[0m
Selected Instrument: BTC/USDT (ID: BTC_USDT)
Fetching historical candles (1m)...
Range: 1765342996548 to 1765346596548 (60 mins)
[32mSuccess! [0m
Received 61 candles.
Candle(ts=1765342980000, O=92569.80000000, H=92569.90000000, L=92517.20000000, C=92523.10000000, V=281615.00000000)
Candle(ts=1765343040000, O=92523.20000000, H=92573.70000000, L=92500.70000000, C=92568.70000000, V=260382.00000000)
Candle(ts=1765343100000, O=92573.70000000, H=92577.70000000, L=92551.70000000, C=92573.00000000, V=282524.00000000)
Candle(ts=1765343160000, O=92567.50000000, H=92600.00000000, L=92534.40000000, C=92591.20000000, V=226334.00000000)
Candle(ts=1765343220000, O=92591.00000000, H=92591.00000000, L=92532.60000000, C=92537.30000000, V=267530.00000000)
...
Candle(ts=1765346340000, O=92561.00000000, H=92561.00000000, L=92514.00000000, C=92514.00000000, V=99253.00000000)
Candle(ts=1765346400000, O=92514.10000000, H=92560.60000000, L=92514.10000000, C=92546.90000000, V=218572.00000000)
Candle(ts=1765346460000, O=92546.90000000, H=92547.80000000, L=92492.20000000, C=92505.90000000, V=136923.00000000)
Candle(ts=1765346520000, O=92505.90000000, H=92517.20000000, L=92471.80000000, C=92477.70000000, V=148610.00000000)
Candle(ts=1765346580000, O=92477.70000000, H=92477.80000000, L=92407.90000000, C=92407.90000000, V=361123.00000000)
[32mValidation Passed: Perfect Sequence.[0m
