[36m==========================================[0m
[36mTesting exchange: huobi-usdt-swap[0m
Config: Duration=60m, Offset=1h
[36m==========================================[0m
Fetching instruments...
[32mSuccess. Found 225 instruments.[0m
[33mSpecific pair 'BTC-USDT' not found in instrument list. Trying fuzzy match...
[DEBUG] Available instruments (first 5): BTC ETH LTC DOGE SHIB
Selected Instrument: BTC (ID: BTC)
Fetching historical candles (1m)...
Range: 1765304813340 to 1765308413340 (60 mins)
[32mSuccess! [0m
Received 60 candles.
Candle(ts=1765304820000, O=94099.10000000, H=94121.60000000, L=94092.50000000, C=94114.20000000, V=3824.00000000)
Candle(ts=1765304880000, O=94111.50000000, H=94113.00000000, L=94051.20000000, C=94100.70000000, V=5918.00000000)
Candle(ts=1765304940000, O=94100.30000000, H=94112.90000000, L=94080.00000000, C=94080.00000000, V=724.00000000)
Candle(ts=1765305000000, O=94078.70000000, H=94105.50000000, L=94066.80000000, C=94091.40000000, V=566.00000000)
Candle(ts=1765305060000, O=94085.30000000, H=94113.20000000, L=94060.80000000, C=94065.70000000, V=3362.00000000)
...
Candle(ts=1765308120000, O=93954.20000000, H=93954.20000000, L=93874.20000000, C=93886.60000000, V=41780.00000000)
Candle(ts=1765308180000, O=93886.50000000, H=93903.50000000, L=93878.00000000, C=93878.00000000, V=2548.00000000)
Candle(ts=1765308240000, O=93876.70000000, H=93921.90000000, L=93867.00000000, C=93893.20000000, V=2560.00000000)
Candle(ts=1765308300000, O=93893.30000000, H=93906.80000000, L=93893.30000000, C=93906.70000000, V=568.00000000)
Candle(ts=1765308360000, O=93904.30000000, H=93905.40000000, L=93892.30000000, C=93892.30000000, V=1214.00000000)
[32mValidation Passed: Perfect Sequence.[0m

[36m==========================================[0m
[36mTesting exchange: huobi-coin-swap[0m
Config: Duration=60m, Offset=1h
[36m==========================================[0m
Fetching instruments...
[32mSuccess. Found 9 instruments.[0m
[33mSpecific pair 'BTC-USD' not found in instrument list. Trying fuzzy match...
[DEBUG] Available instruments (first 5): BTC ETH LINK DOT ADA
Selected Instrument: BTC (ID: BTC)
Fetching historical candles (1m)...
Range: 1765304814309 to 1765308414309 (60 mins)
[32mSuccess! [0m
Received 60 candles.
Candle(ts=1765304820000, O=94105.00000000, H=94105.00000000, L=94096.30000000, C=94096.50000000, V=46.00000000)
Candle(ts=1765304880000, O=94060.40000000, H=94100.90000000, L=94057.90000000, C=94100.90000000, V=366.00000000)
Candle(ts=1765304940000, O=94100.90000000, H=94100.90000000, L=94100.90000000, C=94100.90000000, V=0.00000000)
Candle(ts=1765305000000, O=94087.90000000, H=94089.40000000, L=94071.70000000, C=94089.40000000, V=328.00000000)
Candle(ts=1765305060000, O=94104.30000000, H=94104.30000000, L=94053.70000000, C=94053.70000000, V=536.00000000)
...
Candle(ts=1765308120000, O=93913.00000000, H=93913.00000000, L=93913.00000000, C=93913.00000000, V=2.00000000)
Candle(ts=1765308180000, O=93913.00000000, H=93913.00000000, L=93913.00000000, C=93913.00000000, V=0.00000000)
Candle(ts=1765308240000, O=93900.60000000, H=93900.60000000, L=93899.70000000, C=93899.70000000, V=4.00000000)
Candle(ts=1765308300000, O=93899.70000000, H=93899.70000000, L=93899.70000000, C=93899.70000000, V=0.00000000)
Candle(ts=1765308360000, O=93855.00000000, H=93855.00000000, L=93855.00000000, C=93855.00000000, V=2.00000000)
[32mValidation Passed: Perfect Sequence.[0m
