[36m==========================================[0m
[36mTesting exchange: huobi[0m
Config: Duration=60m, Offset=1h
[36m==========================================[0m
Fetching instruments...
[32mSuccess. Found 2035 instruments.[0m
Selected Instrument: btc/usdt (ID: btcusdt)
Fetching historical candles (1m)...
Range: 1765304432195 to 1765308032195 (60 mins)
[32mSuccess! [0m
Received 60 candles.
Candle(ts=1765304460000, O=94034.59000000, H=94090.11000000, L=94034.59000000, C=94068.44000000, V=875498.50973853)
Candle(ts=1765304520000, O=94050.44000000, H=94087.16000000, L=94040.01000000, C=94077.40000000, V=441160.96448238)
Candle(ts=1765304580000, O=94077.40000000, H=94081.44000000, L=94018.10000000, C=94018.10000000, V=599811.31597889)
Candle(ts=1765304640000, O=94018.11000000, H=94069.64000000, L=94015.00000000, C=94069.64000000, V=120479.78478567)
Candle(ts=1765304700000, O=94069.64000000, H=94069.64000000, L=94029.45000000, C=94055.09000000, V=40591.70589582)
...
Candle(ts=1765307760000, O=93864.68000000, H=93900.41000000, L=93860.11000000, C=93900.41000000, V=43447.04113723)
Candle(ts=1765307820000, O=93904.46000000, H=93977.87000000, L=93904.46000000, C=93977.80000000, V=244516.19820726)
Candle(ts=1765307880000, O=93963.14000000, H=94074.52000000, L=93963.14000000, C=94074.51000000, V=408589.37393246)
Candle(ts=1765307940000, O=94074.52000000, H=94084.99000000, L=93991.20000000, C=93991.20000000, V=1303417.55940987)
Candle(ts=1765308000000, O=93991.21000000, H=94009.11000000, L=93978.37000000, C=94009.11000000, V=210226.20113090)
[32mValidation Passed: Perfect Sequence.[0m
