[36m==========================================[0m
[36mTesting exchange: gateio-perpetual-futures[0m
Config: Duration=60m, Offset=1h
[36m==========================================[0m
Fetching instruments...
[32mSuccess. Found 589 instruments.[0m
Selected Instrument: BTC/USDT (ID: BTC_USDT)
Fetching historical candles (1m)...
Range: 1765342684996 to 1765346284996 (60 mins)
[32mSuccess! [0m
Received 61 candles.
Candle(ts=1765342680000, O=92515.00000000, H=92528.80000000, L=92510.70000000, C=92510.70000000, V=165398.00000000)
Candle(ts=1765342740000, O=92510.80000000, H=92512.20000000, L=92500.00000000, C=92510.30000000, V=92613.00000000)
Candle(ts=1765342800000, O=92502.20000000, H=92554.90000000, L=92502.10000000, C=92548.50000000, V=110464.00000000)
Candle(ts=1765342860000, O=92538.60000000, H=92538.60000000, L=92511.50000000, C=92521.90000000, V=175711.00000000)
Candle(ts=1765342920000, O=92521.90000000, H=92588.00000000, L=92521.80000000, C=92569.80000000, V=206525.00000000)
...
Candle(ts=1765346040000, O=92525.90000000, H=92574.90000000, L=92525.90000000, C=92553.00000000, V=193224.00000000)
Candle(ts=1765346100000, O=92546.70000000, H=92564.90000000, L=92546.70000000, C=92560.20000000, V=242577.00000000)
Candle(ts=1765346160000, O=92560.20000000, H=92565.00000000, L=92552.00000000, C=92553.30000000, V=101341.00000000)
Candle(ts=1765346220000, O=92553.30000000, H=92583.40000000, L=92549.20000000, C=92575.10000000, V=99385.00000000)
Candle(ts=1765346280000, O=92570.60000000, H=92570.60000000, L=92560.90000000, C=92561.00000000, V=74493.00000000)
[32mValidation Passed: Perfect Sequence.[0m
