[36m==========================================[0m
[36mTesting exchange: bitmex[0m
Config: Duration=60m, Offset=1h
[36m==========================================[0m
Fetching instruments...
[32mSuccess. Found 113 instruments.[0m
Selected Instrument: XBT/USD (ID: XBTUSD)
Fetching historical candles (1m)...
Range: 1765304430518 to 1765308030518 (60 mins)
[32mSuccess! [0m
Received 60 candles.
Candle(ts=1765304460000, O=94076.70000000, H=94148.80000000, L=93960.10000000, C=93970.30000000, V=593900.00000000)
Candle(ts=1765304520000, O=93970.30000000, H=94037.50000000, L=93976.00000000, C=94015.00000000, V=28200.00000000)
Candle(ts=1765304580000, O=94015.00000000, H=94024.30000000, L=93982.20000000, C=94019.80000000, V=108300.00000000)
Candle(ts=1765304640000, O=94019.80000000, H=94029.20000000, L=93953.70000000, C=93956.20000000, V=14800.00000000)
Candle(ts=1765304700000, O=93956.20000000, H=94011.60000000, L=93945.60000000, C=94011.60000000, V=1200.00000000)
...
Candle(ts=1765307760000, O=93910.90000000, H=93887.90000000, L=93805.90000000, C=93805.90000000, V=172500.00000000)
Candle(ts=1765307820000, O=93805.90000000, H=93820.00000000, L=93793.70000000, C=93820.00000000, V=25000.00000000)
Candle(ts=1765307880000, O=93820.00000000, H=93911.40000000, L=93858.10000000, C=93899.50000000, V=56900.00000000)
Candle(ts=1765307940000, O=93899.50000000, H=94025.20000000, L=93899.60000000, C=94015.70000000, V=34700.00000000)
Candle(ts=1765308000000, O=94015.70000000, H=94029.30000000, L=93944.40000000, C=93944.40000000, V=72900.00000000)
[32mValidation Passed: Perfect Sequence.[0m
