[36m==========================================[0m
[36mTesting exchange: bitstamp[0m
Config: Duration=60m, Offset=1h
[36m==========================================[0m
Fetching instruments...
[32mSuccess. Found 260 instruments.[0m
Selected Instrument: BTC/USD (ID: btcusd)
Fetching historical candles (1m)...
Range: 1765304432962 to 1765308032962 (60 mins)
[32mSuccess! [0m
Received 60 candles.
Candle(ts=1765304460000, O=94046.00000000, H=94104.00000000, L=94046.00000000, C=94079.00000000, V=4.16176509)
Candle(ts=1765304520000, O=94079.00000000, H=94091.00000000, L=94047.00000000, C=94087.00000000, V=5.61025531)
Candle(ts=1765304580000, O=94080.00000000, H=94085.00000000, L=94019.00000000, C=94019.00000000, V=0.35556007)
Candle(ts=1765304640000, O=94018.00000000, H=94080.00000000, L=94017.00000000, C=94075.00000000, V=0.36768079)
Candle(ts=1765304700000, O=94075.00000000, H=94078.00000000, L=94031.00000000, C=94078.00000000, V=0.96892465)
...
Candle(ts=1765307760000, O=93880.00000000, H=93905.00000000, L=93849.00000000, C=93905.00000000, V=0.33732096)
Candle(ts=1765307820000, O=93905.00000000, H=93978.00000000, L=93905.00000000, C=93958.00000000, V=0.56278407)
Candle(ts=1765307880000, O=93958.00000000, H=94074.00000000, L=93958.00000000, C=94074.00000000, V=0.48266001)
Candle(ts=1765307940000, O=94085.00000000, H=94085.00000000, L=93997.00000000, C=93998.00000000, V=1.10200585)
Candle(ts=1765308000000, O=94000.00000000, H=94013.00000000, L=93972.00000000, C=94004.00000000, V=0.43210014)
[32mValidation Passed: Perfect Sequence.[0m
