[36m==========================================[0m
[36mTesting exchange: cryptocom[0m
Config: Duration=60m, Offset=1h
[36m==========================================[0m
Fetching instruments...
[32mSuccess. Found 848 instruments.[0m
Selected Instrument: BTC/USDT (ID: BTC_USDT)
Fetching historical candles (1m)...
Range: 1765351286689 to 1765354886689 (60 mins)
[32mSuccess! [0m
Received 60 candles.
Candle(ts=1765351320000, O=92527.85000000, H=92527.85000000, L=92527.85000000, C=92527.85000000, V=0.00628000)
Candle(ts=1765351380000, O=92527.85000000, H=92563.69000000, L=92527.85000000, C=92563.69000000, V=0.67931000)
Candle(ts=1765351440000, O=92570.03000000, H=92570.03000000, L=92570.03000000, C=92570.03000000, V=0.00040000)
Candle(ts=1765351500000, O=92570.02000000, H=92590.60000000, L=92551.01000000, C=92585.79000000, V=2.39589000)
Candle(ts=1765351560000, O=92575.88000000, H=92578.00000000, L=92575.88000000, C=92578.00000000, V=0.06001000)
...
Candle(ts=1765354620000, O=92680.00000000, H=92685.00000000, L=92666.13000000, C=92668.71000000, V=0.42616000)
Candle(ts=1765354680000, O=92664.01000000, H=92709.68000000, L=92664.01000000, C=92685.26000000, V=0.86486000)
Candle(ts=1765354740000, O=92687.99000000, H=92704.00000000, L=92687.99000000, C=92697.12000000, V=0.10423000)
Candle(ts=1765354800000, O=92697.00000000, H=92710.47000000, L=92678.01000000, C=92687.00000000, V=0.78820000)
Candle(ts=1765354860000, O=92682.01000000, H=92688.38000000, L=92664.01000000, C=92677.10000000, V=0.33615000)
[32mValidation Passed: Perfect Sequence.[0m
